<?xml version="1.0" encoding="UTF-8"?>
<testsuite name="Yo como usuario de la tienda Your Logo quiero tener la posibilidad de crear mi cuenta para poder ingresar a la página" tests="1" skipped="0" failures="0" errors="0" timestamp="2019-05-23T00:19:44" hostname="la-MacBook-Air-de-Oscar.local" time="71.647">
  <properties/>
  <testcase name="Validación de correo electrónico ya registrado" classname="Yo como usuario de la tienda Your Logo quiero tener la posibilidad de crear mi cuenta para poder ingresar a la página" time="71.647"/>
  <system-out><![CDATA[]]></system-out>
  <system-err><![CDATA[may 22, 2019 7:19:45 PM org.openqa.selenium.remote.DesiredCapabilities chrome
INFORMACIÓN: Using `new ChromeOptions()` is preferred to `DesiredCapabilities.chrome()`
Starting ChromeDriver 2.40.565386 (45a059dc425e08165f9a10324bd1380cc13ca363) on port 41570
Only local connections are allowed.
may 22, 2019 7:19:47 PM org.openqa.selenium.remote.ProtocolHandshake createSession
INFORMACIÓN: Detected dialect: OSS
[Test worker] INFO net.serenitybdd.core.Serenity - 
        __    _____ _____ ____ _____   ____   _    ____  ____  _____ ____  
  _     \ \  |_   _| ____/ ___|_   _| |  _ \ / \  / ___|/ ___|| ____|  _ \ 
 (_)_____| |   | | |  _| \___ \ | |   | |_) / _ \ \___ \\___ \|  _| | | | |
  _|_____| |   | | | |___ ___) || |   |  __/ ___ \ ___) |___) | |___| |_| |
 (_)     | |   |_| |_____|____/ |_|   |_| /_/   \_\____/|____/|_____|____/ 
        /_/                                                                

TEST PASSED: Validación de correo electrónico ya registrado
----------------------------------------------------------------------------
]]></system-err>
</testsuite>
